<?xml version="1.0" encoding="UTF-8"?>
<testsuite xmlns:xsi="http://www.w3.org/2001/XMLSchema-instance" xsi:noNamespaceSchemaLocation="https://maven.apache.org/surefire/maven-surefire-plugin/xsd/surefire-test-report-3.0.xsd" version="3.0" name="TestSuite" time="2.758" tests="0" errors="0" skipped="0" failures="0">
  <properties>
    <property name="java.specification.version" value="14"/>
    <property name="sun.cpu.isalist" value="amd64"/>
    <property name="sun.jnu.encoding" value="Cp1252"/>
    <property name="java.class.path" value="C:\Users\Vikas\Desktop\Latest_lg\captcha\target\test-classes;C:\Users\Vikas\Desktop\Latest_lg\captcha\target\classes;C:\Users\Vikas\.m2\repository\org\apache\logging\log4j\log4j-core\2.14.1\log4j-core-2.14.1.jar;C:\Users\Vikas\.m2\repository\org\apache\logging\log4j\log4j-api\2.14.1\log4j-api-2.14.1.jar;C:\Users\Vikas\.m2\repository\org\apache\logging\log4j\log4j-slf4j-impl\2.14.1\log4j-slf4j-impl-2.14.1.jar;C:\Users\Vikas\.m2\repository\org\slf4j\slf4j-api\1.7.25\slf4j-api-1.7.25.jar;C:\Users\Vikas\.m2\repository\org\seleniumhq\selenium\selenium-java\3.141.59\selenium-java-3.141.59.jar;C:\Users\Vikas\.m2\repository\org\seleniumhq\selenium\selenium-api\3.141.59\selenium-api-3.141.59.jar;C:\Users\Vikas\.m2\repository\org\seleniumhq\selenium\selenium-chrome-driver\3.141.59\selenium-chrome-driver-3.141.59.jar;C:\Users\Vikas\.m2\repository\org\seleniumhq\selenium\selenium-edge-driver\3.141.59\selenium-edge-driver-3.141.59.jar;C:\Users\Vikas\.m2\repository\org\seleniumhq\selenium\selenium-firefox-driver\3.141.59\selenium-firefox-driver-3.141.59.jar;C:\Users\Vikas\.m2\repository\org\seleniumhq\selenium\selenium-ie-driver\3.141.59\selenium-ie-driver-3.141.59.jar;C:\Users\Vikas\.m2\repository\org\seleniumhq\selenium\selenium-opera-driver\3.141.59\selenium-opera-driver-3.141.59.jar;C:\Users\Vikas\.m2\repository\org\seleniumhq\selenium\selenium-remote-driver\3.141.59\selenium-remote-driver-3.141.59.jar;C:\Users\Vikas\.m2\repository\org\seleniumhq\selenium\selenium-safari-driver\3.141.59\selenium-safari-driver-3.141.59.jar;C:\Users\Vikas\.m2\repository\org\seleniumhq\selenium\selenium-support\3.141.59\selenium-support-3.141.59.jar;C:\Users\Vikas\.m2\repository\net\bytebuddy\byte-buddy\1.8.15\byte-buddy-1.8.15.jar;C:\Users\Vikas\.m2\repository\org\apache\commons\commons-exec\1.3\commons-exec-1.3.jar;C:\Users\Vikas\.m2\repository\com\google\guava\guava\25.0-jre\guava-25.0-jre.jar;C:\Users\Vikas\.m2\repository\com\google\code\findbugs\jsr305\1.3.9\jsr305-1.3.9.jar;C:\Users\Vikas\.m2\repository\org\checkerframework\checker-compat-qual\2.0.0\checker-compat-qual-2.0.0.jar;C:\Users\Vikas\.m2\repository\com\google\errorprone\error_prone_annotations\2.1.3\error_prone_annotations-2.1.3.jar;C:\Users\Vikas\.m2\repository\com\google\j2objc\j2objc-annotations\1.1\j2objc-annotations-1.1.jar;C:\Users\Vikas\.m2\repository\org\codehaus\mojo\animal-sniffer-annotations\1.14\animal-sniffer-annotations-1.14.jar;C:\Users\Vikas\.m2\repository\com\squareup\okhttp3\okhttp\3.11.0\okhttp-3.11.0.jar;C:\Users\Vikas\.m2\repository\com\squareup\okio\okio\1.14.0\okio-1.14.0.jar;C:\Users\Vikas\.m2\repository\io\cucumber\cucumber-java\6.10.0\cucumber-java-6.10.0.jar;C:\Users\Vikas\.m2\repository\io\cucumber\cucumber-core\6.10.0\cucumber-core-6.10.0.jar;C:\Users\Vikas\.m2\repository\io\cucumber\cucumber-gherkin\6.10.0\cucumber-gherkin-6.10.0.jar;C:\Users\Vikas\.m2\repository\io\cucumber\cucumber-gherkin-messages\6.10.0\cucumber-gherkin-messages-6.10.0.jar;C:\Users\Vikas\.m2\repository\io\cucumber\messages\14.0.1\messages-14.0.1.jar;C:\Users\Vikas\.m2\repository\io\cucumber\tag-expressions\3.0.0\tag-expressions-3.0.0.jar;C:\Users\Vikas\.m2\repository\io\cucumber\cucumber-expressions\10.3.0\cucumber-expressions-10.3.0.jar;C:\Users\Vikas\.m2\repository\io\cucumber\datatable\3.5.0\datatable-3.5.0.jar;C:\Users\Vikas\.m2\repository\io\cucumber\cucumber-plugin\6.10.0\cucumber-plugin-6.10.0.jar;C:\Users\Vikas\.m2\repository\io\cucumber\docstring\6.10.0\docstring-6.10.0.jar;C:\Users\Vikas\.m2\repository\io\cucumber\html-formatter\12.0.0\html-formatter-12.0.0.jar;C:\Users\Vikas\.m2\repository\io\cucumber\create-meta\3.0.0\create-meta-3.0.0.jar;C:\Users\Vikas\.m2\repository\org\apiguardian\apiguardian-api\1.1.1\apiguardian-api-1.1.1.jar;C:\Users\Vikas\.m2\repository\io\cucumber\cucumber-testng\6.10.0\cucumber-testng-6.10.0.jar;C:\Users\Vikas\.m2\repository\org\testng\testng\7.3.0\testng-7.3.0.jar;C:\Users\Vikas\.m2\repository\com\beust\jcommander\1.78\jcommander-1.78.jar;C:\Users\Vikas\.m2\repository\org\apache\ant\ant\1.10.3\ant-1.10.3.jar;C:\Users\Vikas\.m2\repository\org\apache\ant\ant-launcher\1.10.3\ant-launcher-1.10.3.jar;C:\Users\Vikas\.m2\repository\junit\junit\4.12\junit-4.12.jar;C:\Users\Vikas\.m2\repository\org\hamcrest\hamcrest-core\1.3\hamcrest-core-1.3.jar;C:\Users\Vikas\.m2\repository\com\google\inject\guice\4.2.2\guice-4.2.2-no_aop.jar;C:\Users\Vikas\.m2\repository\javax\inject\javax.inject\1\javax.inject-1.jar;C:\Users\Vikas\.m2\repository\aopalliance\aopalliance\1.0\aopalliance-1.0.jar;C:\Users\Vikas\.m2\repository\org\yaml\snakeyaml\1.21\snakeyaml-1.21.jar;C:\Users\Vikas\.m2\repository\io\github\bonigarcia\webdrivermanager\4.4.1\webdrivermanager-4.4.1.jar;C:\Users\Vikas\.m2\repository\commons-io\commons-io\2.8.0\commons-io-2.8.0.jar;C:\Users\Vikas\.m2\repository\com\google\code\gson\gson\2.8.6\gson-2.8.6.jar;C:\Users\Vikas\.m2\repository\org\apache\commons\commons-lang3\3.12.0\commons-lang3-3.12.0.jar;C:\Users\Vikas\.m2\repository\org\apache\httpcomponents\client5\httpclient5\5.0.3\httpclient5-5.0.3.jar;C:\Users\Vikas\.m2\repository\org\apache\httpcomponents\core5\httpcore5\5.0.2\httpcore5-5.0.2.jar;C:\Users\Vikas\.m2\repository\org\apache\httpcomponents\core5\httpcore5-h2\5.0.2\httpcore5-h2-5.0.2.jar;C:\Users\Vikas\.m2\repository\commons-codec\commons-codec\1.13\commons-codec-1.13.jar;C:\Users\Vikas\.m2\repository\org\rauschig\jarchivelib\1.1.0\jarchivelib-1.1.0.jar;C:\Users\Vikas\.m2\repository\org\apache\commons\commons-compress\1.20\commons-compress-1.20.jar;C:\Users\Vikas\.m2\repository\org\jsoup\jsoup\1.13.1\jsoup-1.13.1.jar;C:\Users\Vikas\.m2\repository\com\github\javafaker\javafaker\1.0.2\javafaker-1.0.2.jar;C:\Users\Vikas\.m2\repository\org\yaml\snakeyaml\1.23\snakeyaml-1.23-android.jar;C:\Users\Vikas\.m2\repository\com\github\mifmif\generex\1.0.2\generex-1.0.2.jar;C:\Users\Vikas\.m2\repository\dk\brics\automaton\automaton\1.11-8\automaton-1.11-8.jar;"/>
    <property name="java.vm.vendor" value="Oracle Corporation"/>
    <property name="sun.arch.data.model" value="64"/>
    <property name="user.variant" value=""/>
    <property name="java.vendor.url" value="https://java.oracle.com/"/>
    <property name="user.timezone" value="Asia/Kuala_Lumpur"/>
    <property name="os.name" value="Windows 10"/>
    <property name="java.vm.specification.version" value="14"/>
    <property name="sun.java.launcher" value="SUN_STANDARD"/>
    <property name="user.country" value="MY"/>
    <property name="sun.boot.library.path" value="C:\PROGRA~1\Java\JDK-14~1.1\bin"/>
    <property name="sun.java.command" value="C:\Users\Vikas\AppData\Local\Temp\surefire10560638299877849725\surefirebooter3635565269449607186.jar C:\Users\Vikas\AppData\Local\Temp\surefire10560638299877849725 2021-08-05T18-03-29_114-jvmRun1 surefire1903050531543406497tmp surefire_016459058158198646729tmp"/>
    <property name="jdk.debug" value="release"/>
    <property name="surefire.test.class.path" value="C:\Users\Vikas\Desktop\Latest_lg\captcha\target\test-classes;C:\Users\Vikas\Desktop\Latest_lg\captcha\target\classes;C:\Users\Vikas\.m2\repository\org\apache\logging\log4j\log4j-core\2.14.1\log4j-core-2.14.1.jar;C:\Users\Vikas\.m2\repository\org\apache\logging\log4j\log4j-api\2.14.1\log4j-api-2.14.1.jar;C:\Users\Vikas\.m2\repository\org\apache\logging\log4j\log4j-slf4j-impl\2.14.1\log4j-slf4j-impl-2.14.1.jar;C:\Users\Vikas\.m2\repository\org\slf4j\slf4j-api\1.7.25\slf4j-api-1.7.25.jar;C:\Users\Vikas\.m2\repository\org\seleniumhq\selenium\selenium-java\3.141.59\selenium-java-3.141.59.jar;C:\Users\Vikas\.m2\repository\org\seleniumhq\selenium\selenium-api\3.141.59\selenium-api-3.141.59.jar;C:\Users\Vikas\.m2\repository\org\seleniumhq\selenium\selenium-chrome-driver\3.141.59\selenium-chrome-driver-3.141.59.jar;C:\Users\Vikas\.m2\repository\org\seleniumhq\selenium\selenium-edge-driver\3.141.59\selenium-edge-driver-3.141.59.jar;C:\Users\Vikas\.m2\repository\org\seleniumhq\selenium\selenium-firefox-driver\3.141.59\selenium-firefox-driver-3.141.59.jar;C:\Users\Vikas\.m2\repository\org\seleniumhq\selenium\selenium-ie-driver\3.141.59\selenium-ie-driver-3.141.59.jar;C:\Users\Vikas\.m2\repository\org\seleniumhq\selenium\selenium-opera-driver\3.141.59\selenium-opera-driver-3.141.59.jar;C:\Users\Vikas\.m2\repository\org\seleniumhq\selenium\selenium-remote-driver\3.141.59\selenium-remote-driver-3.141.59.jar;C:\Users\Vikas\.m2\repository\org\seleniumhq\selenium\selenium-safari-driver\3.141.59\selenium-safari-driver-3.141.59.jar;C:\Users\Vikas\.m2\repository\org\seleniumhq\selenium\selenium-support\3.141.59\selenium-support-3.141.59.jar;C:\Users\Vikas\.m2\repository\net\bytebuddy\byte-buddy\1.8.15\byte-buddy-1.8.15.jar;C:\Users\Vikas\.m2\repository\org\apache\commons\commons-exec\1.3\commons-exec-1.3.jar;C:\Users\Vikas\.m2\repository\com\google\guava\guava\25.0-jre\guava-25.0-jre.jar;C:\Users\Vikas\.m2\repository\com\google\code\findbugs\jsr305\1.3.9\jsr305-1.3.9.jar;C:\Users\Vikas\.m2\repository\org\checkerframework\checker-compat-qual\2.0.0\checker-compat-qual-2.0.0.jar;C:\Users\Vikas\.m2\repository\com\google\errorprone\error_prone_annotations\2.1.3\error_prone_annotations-2.1.3.jar;C:\Users\Vikas\.m2\repository\com\google\j2objc\j2objc-annotations\1.1\j2objc-annotations-1.1.jar;C:\Users\Vikas\.m2\repository\org\codehaus\mojo\animal-sniffer-annotations\1.14\animal-sniffer-annotations-1.14.jar;C:\Users\Vikas\.m2\repository\com\squareup\okhttp3\okhttp\3.11.0\okhttp-3.11.0.jar;C:\Users\Vikas\.m2\repository\com\squareup\okio\okio\1.14.0\okio-1.14.0.jar;C:\Users\Vikas\.m2\repository\io\cucumber\cucumber-java\6.10.0\cucumber-java-6.10.0.jar;C:\Users\Vikas\.m2\repository\io\cucumber\cucumber-core\6.10.0\cucumber-core-6.10.0.jar;C:\Users\Vikas\.m2\repository\io\cucumber\cucumber-gherkin\6.10.0\cucumber-gherkin-6.10.0.jar;C:\Users\Vikas\.m2\repository\io\cucumber\cucumber-gherkin-messages\6.10.0\cucumber-gherkin-messages-6.10.0.jar;C:\Users\Vikas\.m2\repository\io\cucumber\messages\14.0.1\messages-14.0.1.jar;C:\Users\Vikas\.m2\repository\io\cucumber\tag-expressions\3.0.0\tag-expressions-3.0.0.jar;C:\Users\Vikas\.m2\repository\io\cucumber\cucumber-expressions\10.3.0\cucumber-expressions-10.3.0.jar;C:\Users\Vikas\.m2\repository\io\cucumber\datatable\3.5.0\datatable-3.5.0.jar;C:\Users\Vikas\.m2\repository\io\cucumber\cucumber-plugin\6.10.0\cucumber-plugin-6.10.0.jar;C:\Users\Vikas\.m2\repository\io\cucumber\docstring\6.10.0\docstring-6.10.0.jar;C:\Users\Vikas\.m2\repository\io\cucumber\html-formatter\12.0.0\html-formatter-12.0.0.jar;C:\Users\Vikas\.m2\repository\io\cucumber\create-meta\3.0.0\create-meta-3.0.0.jar;C:\Users\Vikas\.m2\repository\org\apiguardian\apiguardian-api\1.1.1\apiguardian-api-1.1.1.jar;C:\Users\Vikas\.m2\repository\io\cucumber\cucumber-testng\6.10.0\cucumber-testng-6.10.0.jar;C:\Users\Vikas\.m2\repository\org\testng\testng\7.3.0\testng-7.3.0.jar;C:\Users\Vikas\.m2\repository\com\beust\jcommander\1.78\jcommander-1.78.jar;C:\Users\Vikas\.m2\repository\org\apache\ant\ant\1.10.3\ant-1.10.3.jar;C:\Users\Vikas\.m2\repository\org\apache\ant\ant-launcher\1.10.3\ant-launcher-1.10.3.jar;C:\Users\Vikas\.m2\repository\junit\junit\4.12\junit-4.12.jar;C:\Users\Vikas\.m2\repository\org\hamcrest\hamcrest-core\1.3\hamcrest-core-1.3.jar;C:\Users\Vikas\.m2\repository\com\google\inject\guice\4.2.2\guice-4.2.2-no_aop.jar;C:\Users\Vikas\.m2\repository\javax\inject\javax.inject\1\javax.inject-1.jar;C:\Users\Vikas\.m2\repository\aopalliance\aopalliance\1.0\aopalliance-1.0.jar;C:\Users\Vikas\.m2\repository\org\yaml\snakeyaml\1.21\snakeyaml-1.21.jar;C:\Users\Vikas\.m2\repository\io\github\bonigarcia\webdrivermanager\4.4.1\webdrivermanager-4.4.1.jar;C:\Users\Vikas\.m2\repository\commons-io\commons-io\2.8.0\commons-io-2.8.0.jar;C:\Users\Vikas\.m2\repository\com\google\code\gson\gson\2.8.6\gson-2.8.6.jar;C:\Users\Vikas\.m2\repository\org\apache\commons\commons-lang3\3.12.0\commons-lang3-3.12.0.jar;C:\Users\Vikas\.m2\repository\org\apache\httpcomponents\client5\httpclient5\5.0.3\httpclient5-5.0.3.jar;C:\Users\Vikas\.m2\repository\org\apache\httpcomponents\core5\httpcore5\5.0.2\httpcore5-5.0.2.jar;C:\Users\Vikas\.m2\repository\org\apache\httpcomponents\core5\httpcore5-h2\5.0.2\httpcore5-h2-5.0.2.jar;C:\Users\Vikas\.m2\repository\commons-codec\commons-codec\1.13\commons-codec-1.13.jar;C:\Users\Vikas\.m2\repository\org\rauschig\jarchivelib\1.1.0\jarchivelib-1.1.0.jar;C:\Users\Vikas\.m2\repository\org\apache\commons\commons-compress\1.20\commons-compress-1.20.jar;C:\Users\Vikas\.m2\repository\org\jsoup\jsoup\1.13.1\jsoup-1.13.1.jar;C:\Users\Vikas\.m2\repository\com\github\javafaker\javafaker\1.0.2\javafaker-1.0.2.jar;C:\Users\Vikas\.m2\repository\org\yaml\snakeyaml\1.23\snakeyaml-1.23-android.jar;C:\Users\Vikas\.m2\repository\com\github\mifmif\generex\1.0.2\generex-1.0.2.jar;C:\Users\Vikas\.m2\repository\dk\brics\automaton\automaton\1.11-8\automaton-1.11-8.jar;"/>
    <property name="sun.cpu.endian" value="little"/>
    <property name="user.home" value="C:\Users\Vikas"/>
    <property name="user.language" value="en"/>
    <property name="java.specification.vendor" value="Oracle Corporation"/>
    <property name="java.version.date" value="2020-04-14"/>
    <property name="java.home" value="C:\PROGRA~1\Java\JDK-14~1.1"/>
    <property name="file.separator" value="\"/>
    <property name="basedir" value="C:\Users\Vikas\Desktop\Latest_lg\captcha"/>
    <property name="java.vm.compressedOopsMode" value="32-bit"/>
    <property name="line.separator" value="&#10;"/>
    <property name="java.vm.specification.vendor" value="Oracle Corporation"/>
    <property name="java.specification.name" value="Java Platform API Specification"/>
    <property name="surefire.real.class.path" value="C:\Users\Vikas\AppData\Local\Temp\surefire10560638299877849725\surefirebooter3635565269449607186.jar"/>
    <property name="user.script" value=""/>
    <property name="sun.management.compiler" value="HotSpot 64-Bit Tiered Compilers"/>
    <property name="java.runtime.version" value="14.0.1+7"/>
    <property name="user.name" value="Vikas"/>
    <property name="path.separator" value=";"/>
    <property name="os.version" value="10.0"/>
    <property name="java.runtime.name" value="Java(TM) SE Runtime Environment"/>
    <property name="file.encoding" value="Cp1252"/>
    <property name="java.vm.name" value="Java HotSpot(TM) 64-Bit Server VM"/>
    <property name="localRepository" value="C:\Users\Vikas\.m2\repository"/>
    <property name="java.vendor.url.bug" value="https://bugreport.java.com/bugreport/"/>
    <property name="java.io.tmpdir" value="C:\Users\Vikas\AppData\Local\Temp\"/>
    <property name="java.version" value="14.0.1"/>
    <property name="user.dir" value="C:\Users\Vikas\Desktop\Latest_lg\captcha"/>
    <property name="os.arch" value="amd64"/>
    <property name="java.vm.specification.name" value="Java Virtual Machine Specification"/>
    <property name="sun.os.patch.level" value=""/>
    <property name="java.library.path" value="C:\PROGRA~1\Java\JDK-14~1.1\bin;C:\WINDOWS\Sun\Java\bin;C:\WINDOWS\system32;C:\WINDOWS;C:/Program Files/Java/jdk-14.0.1/bin/server;C:/Program Files/Java/jdk-14.0.1/bin;C:\apache-maven-3.6.3\bin;C:\Program Files\Java\jdk-14.0.1\bin;C:\Users\Vikas\AppData\Local\Programs\Python\Python37-32\;C:\Users\Vikas\AppData\Local\Programs\Python\Python37-32\Scripts\;C:\Program Files (x86)\Common Files\Oracle\Java\javapath;C:\Windows\system32;C:\Windows;C:\Windows\System32\Wbem;C:\Windows\System32\WindowsPowerShell\v1.0\;C:\Windows\System32\OpenSSH\;C:\Program Files\nodejs\;C:\ProgramData\chocolatey\bin;C:\Users\Vikas\AppData\Local\Android\Sdk\platform-tools;C:\Users\Vikas\AppData\Local\Android\Sdk\tools;C:\Program Files\Docker\Docker\resources\bin;C:\ProgramData\DockerDesktop\version-bin;C:\Program Files (x86)\NVIDIA Corporation\PhysX\Common;C:\Program Files\NVIDIA Corporation\NVIDIA NvDLISR;C:\WINDOWS\system32;C:\WINDOWS;C:\WINDOWS\System32\Wbem;C:\WINDOWS\System32\WindowsPowerShell\v1.0\;C:\WINDOWS\System32\OpenSSH\;C:\Program Files\Git\cmd;C:\Users\Vikas\AppData\Local\Programs\Python\Python37-32\Scripts\;C:\Users\Vikas\AppData\Local\Programs\Python\Python37-32\;C:\Program Files\MySQL\MySQL Shell 8.0\bin\;C:\Users\Vikas\AppData\Local\Microsoft\WindowsApps;C:\Users\Vikas\AppData\Roaming\npm;C:\Users\Vikas\AppData\Local\GitHubDesktop\bin;C:\Users\Vikas\Desktop;;."/>
    <property name="java.vm.info" value="mixed mode, sharing"/>
    <property name="java.vendor" value="Oracle Corporation"/>
    <property name="java.vm.version" value="14.0.1+7"/>
    <property name="sun.io.unicode.encoding" value="UnicodeLittle"/>
    <property name="java.class.version" value="58.0"/>
  </properties>
</testsuite>