<?xml version="1.0" encoding="UTF-8"?>
<!-- Generated by org.testng.reporters.JUnitReportReporter -->
<testsuite hostname="DESKTOP-RIBT87O" failures="0" tests="1" name="TestRunner" time="133.339" errors="0" timestamp="2021-08-10T20:34:10 MYT" skipped="0">
  <testcase classname="TestRunner" name="runScenario" time="133.339"/>
  <system-out/>
</testsuite> <!-- TestRunner -->
