<?xml version="1.0" encoding="UTF-8"?>
<!-- Generated by org.testng.reporters.JUnitReportReporter -->
<testsuite hostname="DESKTOP-06OT2TI" failures="0" tests="1" name="TestRunner" time="189.916" errors="0" timestamp="2021-09-18T13:03:42 IST" skipped="0">
  <testcase classname="TestRunner" name="runScenario" time="189.916"/>
  <system-out/>
</testsuite> <!-- TestRunner -->
