<?xml version="1.0" encoding="UTF-8"?>
<!-- Generated by org.testng.reporters.JUnitReportReporter -->
<testsuite hostname="DESKTOP-RIBT87O" failures="0" tests="1" name="TestRunner" time="124.236" errors="0" timestamp="2021-08-09T23:31:50 MYT" skipped="0">
  <testcase classname="TestRunner" name="runScenario" time="124.236"/>
  <system-out/>
</testsuite> <!-- TestRunner -->
