<?xml version="1.0" encoding="UTF-8"?>
<!-- Generated by org.testng.reporters.JUnitReportReporter -->
<testsuite hostname="DESKTOP-RIBT87O" failures="0" tests="1" name="TestRunner" time="150.708" errors="0" timestamp="2021-08-17T22:57:25 MYT" skipped="0">
  <testcase classname="TestRunner" name="runScenario" time="150.708"/>
  <system-out/>
</testsuite> <!-- TestRunner -->
