<?xml version="1.0" encoding="UTF-8"?>
<!-- Generated by org.testng.reporters.JUnitReportReporter -->
<testsuite skipped="0" hostname="DESKTOP-VNOG7NT" name="TestRunner" tests="1" failures="0" timestamp="2021-04-30T17:11:34 EDT" time="40.737" errors="0">
  <testcase name="runScenario" time="40.737" classname="TestRunner"/>
  <system-out/>
</testsuite> <!-- TestRunner -->
