<?xml version="1.0" encoding="UTF-8"?>
<!-- Generated by org.testng.reporters.JUnitReportReporter -->
<testsuite skipped="0" hostname="DESKTOP-VNOG7NT" name="TestRunner" tests="1" failures="0" timestamp="2021-05-10T09:55:34 EDT" time="0.564" errors="1">
  <testcase name="runScenario" time="0.564" classname="TestRunner">
    <error type="java.lang.NoSuchFieldError" message="Companion">
      <![CDATA[java.lang.NoSuchFieldError: Companion
at okhttp3.internal.Util.<clinit>(Util.kt:71)
at okhttp3.internal.concurrent.TaskRunner.<clinit>(TaskRunner.kt:309)
at okhttp3.ConnectionPool.<init>(ConnectionPool.kt:41)
at okhttp3.ConnectionPool.<init>(ConnectionPool.kt:47)
at org.openqa.selenium.remote.internal.OkHttpClient$Factory.<init>(OkHttpClient.java:116)
at org.openqa.selenium.remote.http.HttpClient$Factory.createDefault(HttpClient.java:66)
at org.openqa.selenium.remote.HttpCommandExecutor.<clinit>(HttpCommandExecutor.java:47)
at org.openqa.selenium.chrome.ChromeDriver.<init>(ChromeDriver.java:181)
at org.openqa.selenium.chrome.ChromeDriver.<init>(ChromeDriver.java:168)
at org.openqa.selenium.chrome.ChromeDriver.<init>(ChromeDriver.java:157)
at base.Config.initDriver(Config.java:36)
at stepDef.Hook.openBrowser(Hook.java:28)
]]>
    </error>
  </testcase> <!-- runScenario -->
  <system-out/>
</testsuite> <!-- TestRunner -->
